*** Starting uWSGI 1.4 (32bit) on [Sun Jan 20 20:38:20 2013] ***
compiled with version: 4.7.2 on 20 January 2013 11:38:40
os: Linux-3.5.0-21-generic #32-Ubuntu SMP Tue Dec 11 18:52:46 UTC 2012
nodename: ubuntu
machine: i686
clock source: unix
pcre jit disabled
detected number of CPU cores: 4
current working directory: /home/zctcdjh
detected binary path: /usr/local/uwsgi-1.4/uwsgi
your processes number limit is 65535
your memory page size is 4096 bytes
detected max file descriptor number: 65535
lock engine: pthread robust mutexes
uwsgi socket 0 bound to TCP address 127.0.0.1:9090 fd 3
Python version: 2.7.3 (default, Sep 26 2012, 21:57:08)  [GCC 4.7.2]
*** Python threads support is disabled. You can enable it with --enable-threads ***
Python main interpreter initialized at 0x870c290
your server socket listen backlog is limited to 80 connections
mapped 191376 bytes (186 KB) for 2 cores
*** Operational MODE: preforking ***
added /media/document/Unfinish/WebpyTest/ to pythonpath.
unable to load app 0 (mountpoint='') (callable not found or import error)
*** no app loaded. going in full dynamic mode ***
*** uWSGI is running in multiple interpreter mode ***
spawned uWSGI master process (pid: 5891)
spawned uWSGI worker 1 (pid: 5892, cores: 1)
spawned uWSGI worker 2 (pid: 5893, cores: 1)
*** Starting uWSGI 1.4 (32bit) on [Sun Jan 20 20:42:10 2013] ***
compiled with version: 4.7.2 on 20 January 2013 11:38:40
os: Linux-3.5.0-21-generic #32-Ubuntu SMP Tue Dec 11 18:52:46 UTC 2012
nodename: ubuntu
machine: i686
clock source: unix
pcre jit disabled
detected number of CPU cores: 4
current working directory: /home/zctcdjh
detected binary path: /usr/local/uwsgi-1.4/uwsgi
your processes number limit is 65535
your memory page size is 4096 bytes
detected max file descriptor number: 65535
lock engine: pthread robust mutexes
uwsgi socket 0 bound to TCP address 127.0.0.1:9090 fd 3
Python version: 2.7.3 (default, Sep 26 2012, 21:57:08)  [GCC 4.7.2]
*** Python threads support is disabled. You can enable it with --enable-threads ***
Python main interpreter initialized at 0x93d1240
your server socket listen backlog is limited to 80 connections
mapped 191376 bytes (186 KB) for 2 cores
*** Operational MODE: preforking ***
added /media/document/Unfinish/WebpyTest/ to pythonpath.
WSGI app 0 (mountpoint='') ready in 1 seconds on interpreter 0x93d1240 pid: 6031 (default app)
*** uWSGI is running in multiple interpreter mode ***
spawned uWSGI master process (pid: 6031)
spawned uWSGI worker 1 (pid: 6032, cores: 1)
spawned uWSGI worker 2 (pid: 6033, cores: 1)
*** Starting uWSGI 1.4 (32bit) on [Sun Jan 20 20:44:48 2013] ***
compiled with version: 4.7.2 on 20 January 2013 11:38:40
os: Linux-3.5.0-21-generic #32-Ubuntu SMP Tue Dec 11 18:52:46 UTC 2012
nodename: ubuntu
machine: i686
clock source: unix
pcre jit disabled
detected number of CPU cores: 4
current working directory: /home/zctcdjh
detected binary path: /usr/local/uwsgi-1.4/uwsgi
your processes number limit is 65535
your memory page size is 4096 bytes
detected max file descriptor number: 65535
lock engine: pthread robust mutexes
bind(): Permission denied [core/socket.c line 628]
*** Starting uWSGI 1.4 (32bit) on [Sun Jan 20 20:45:59 2013] ***
compiled with version: 4.7.2 on 20 January 2013 11:38:40
os: Linux-3.5.0-21-generic #32-Ubuntu SMP Tue Dec 11 18:52:46 UTC 2012
nodename: ubuntu
machine: i686
clock source: unix
pcre jit disabled
detected number of CPU cores: 4
current working directory: /home/zctcdjh
detected binary path: /usr/local/uwsgi-1.4/uwsgi
your processes number limit is 65535
your memory page size is 4096 bytes
detected max file descriptor number: 65535
lock engine: pthread robust mutexes
Python version: 2.7.3 (default, Sep 26 2012, 21:57:08)  [GCC 4.7.2]
*** Python threads support is disabled. You can enable it with --enable-threads ***
Python main interpreter initialized at 0x8dc8708
The -s/--socket option is missing and stdin is not a socket.
*** Starting uWSGI 1.4 (32bit) on [Sun Jan 20 20:53:08 2013] ***
compiled with version: 4.7.2 on 20 January 2013 11:38:40
os: Linux-3.5.0-21-generic #32-Ubuntu SMP Tue Dec 11 18:52:46 UTC 2012
nodename: ubuntu
machine: i686
clock source: unix
pcre jit disabled
detected number of CPU cores: 4
current working directory: /home/zctcdjh
detected binary path: /usr/local/uwsgi-1.4/uwsgi
your processes number limit is 65535
your memory page size is 4096 bytes
detected max file descriptor number: 65535
lock engine: pthread robust mutexes
uwsgi socket 0 bound to TCP address 127.0.0.1:8080 fd 3
Python version: 2.7.3 (default, Sep 26 2012, 21:57:08)  [GCC 4.7.2]
*** Python threads support is disabled. You can enable it with --enable-threads ***
Python main interpreter initialized at 0x9f0d240
your server socket listen backlog is limited to 80 connections
mapped 191376 bytes (186 KB) for 2 cores
*** Operational MODE: preforking ***
added /media/document/Unfinish/WebpyTest/ to pythonpath.
WSGI app 0 (mountpoint='') ready in 0 seconds on interpreter 0x9f0d240 pid: 6833 (default app)
*** uWSGI is running in multiple interpreter mode ***
spawned uWSGI master process (pid: 6833)
spawned uWSGI worker 1 (pid: 6834, cores: 1)
spawned uWSGI worker 2 (pid: 6835, cores: 1)
invalid request block size: 21573 (max 4096)...skip
Sun Jan 20 20:53:34 2013 - error parsing request
invalid request block size: 21573 (max 4096)...skip
Sun Jan 20 20:53:34 2013 - error parsing request
invalid request block size: 21573 (max 4096)...skip
Sun Jan 20 20:53:34 2013 - error parsing request
invalid request block size: 21573 (max 4096)...skip
Sun Jan 20 20:53:37 2013 - error parsing request
invalid request block size: 21573 (max 4096)...skip
Sun Jan 20 20:55:28 2013 - error parsing request
invalid request block size: 21573 (max 4096)...skip
Sun Jan 20 20:55:28 2013 - error parsing request
invalid request block size: 21573 (max 4096)...skip
Sun Jan 20 20:55:28 2013 - error parsing request
invalid request block size: 21573 (max 4096)...skip
Sun Jan 20 20:55:28 2013 - error parsing request
